[0.357s] DEBUG:colcon:Command line arguments: ['/usr/bin/colcon', 'build']
[0.357s] DEBUG:colcon:Parsed command line arguments: Namespace(log_base=None, log_level=None, verb_name='build', build_base='build', install_base='install', merge_install=False, symlink_install=False, test_result_base=None, continue_on_error=False, executor='parallel', parallel_workers=2, event_handlers=None, ignore_user_meta=False, metas=['./colcon.meta'], base_paths=['.'], packages_ignore=None, packages_ignore_regex=None, paths=None, packages_up_to=None, packages_up_to_regex=None, packages_above=None, packages_above_and_dependencies=None, packages_above_depth=None, packages_select_by_dep=None, packages_skip_by_dep=None, packages_skip_up_to=None, packages_select_build_failed=False, packages_skip_build_finished=False, packages_select_test_failures=False, packages_skip_test_passed=False, packages_select=None, packages_skip=None, packages_select_regex=None, packages_skip_regex=None, packages_start=None, packages_end=None, allow_overriding=[], cmake_args=None, cmake_target=None, cmake_target_skip_unavailable=False, cmake_clean_cache=False, cmake_clean_first=False, cmake_force_configure=False, ament_cmake_args=None, catkin_cmake_args=None, catkin_skip_building_tests=False, mixin_files=None, mixin=None, verb_parser=<colcon_mixin.mixin.mixin_argument.MixinArgumentDecorator object at 0x77bb1aa3f400>, verb_extension=<colcon_core.verb.build.BuildVerb object at 0x77bb1aa3eec0>, main=<bound method BuildVerb.main of <colcon_core.verb.build.BuildVerb object at 0x77bb1aa3eec0>>, mixin_verb=('build',))
[1.065s] Level 1:colcon.colcon_core.package_discovery:discover_packages(colcon_meta) check parameters
[1.066s] Level 1:colcon.colcon_core.package_discovery:discover_packages(recursive) check parameters
[1.066s] Level 1:colcon.colcon_core.package_discovery:discover_packages(ignore) check parameters
[1.066s] Level 1:colcon.colcon_core.package_discovery:discover_packages(path) check parameters
[1.066s] Level 1:colcon.colcon_core.package_discovery:discover_packages(colcon_meta) discover
[1.066s] Level 1:colcon.colcon_core.package_discovery:discover_packages(recursive) discover
[1.066s] INFO:colcon.colcon_core.package_discovery:Crawling recursively for packages in '/home/robousr/ROS2Dev/ros2_ws'
[1.066s] Level 1:colcon.colcon_core.package_identification:_identify(.) by extensions ['ignore', 'ignore_ament_install']
[1.067s] Level 1:colcon.colcon_core.package_identification:_identify(.) by extension 'ignore'
[1.067s] Level 1:colcon.colcon_core.package_identification:_identify(.) by extension 'ignore_ament_install'
[1.067s] Level 1:colcon.colcon_core.package_identification:_identify(.) by extensions ['colcon_pkg']
[1.067s] Level 1:colcon.colcon_core.package_identification:_identify(.) by extension 'colcon_pkg'
[1.067s] Level 1:colcon.colcon_core.package_identification:_identify(.) by extensions ['colcon_meta']
[1.067s] Level 1:colcon.colcon_core.package_identification:_identify(.) by extension 'colcon_meta'
[1.067s] Level 1:colcon.colcon_core.package_identification:_identify(.) by extensions ['ros']
[1.067s] Level 1:colcon.colcon_core.package_identification:_identify(.) by extension 'ros'
[1.100s] Level 1:colcon.colcon_core.package_identification:_identify(.) by extensions ['cmake', 'python']
[1.101s] Level 1:colcon.colcon_core.package_identification:_identify(.) by extension 'cmake'
[1.101s] Level 1:colcon.colcon_core.package_identification:_identify(.) by extension 'python'
[1.101s] Level 1:colcon.colcon_core.package_identification:_identify(.) by extensions ['python_setup_py']
[1.101s] Level 1:colcon.colcon_core.package_identification:_identify(.) by extension 'python_setup_py'
[1.101s] Level 1:colcon.colcon_core.package_identification:_identify(build) by extensions ['ignore', 'ignore_ament_install']
[1.102s] Level 1:colcon.colcon_core.package_identification:_identify(build) by extension 'ignore'
[1.102s] Level 1:colcon.colcon_core.package_identification:_identify(build) ignored
[1.102s] Level 1:colcon.colcon_core.package_identification:_identify(install) by extensions ['ignore', 'ignore_ament_install']
[1.102s] Level 1:colcon.colcon_core.package_identification:_identify(install) by extension 'ignore'
[1.102s] Level 1:colcon.colcon_core.package_identification:_identify(install) ignored
[1.103s] Level 1:colcon.colcon_core.package_identification:_identify(log) by extensions ['ignore', 'ignore_ament_install']
[1.103s] Level 1:colcon.colcon_core.package_identification:_identify(log) by extension 'ignore'
[1.103s] Level 1:colcon.colcon_core.package_identification:_identify(log) ignored
[1.103s] Level 1:colcon.colcon_core.package_identification:_identify(src) by extensions ['ignore', 'ignore_ament_install']
[1.103s] Level 1:colcon.colcon_core.package_identification:_identify(src) by extension 'ignore'
[1.103s] Level 1:colcon.colcon_core.package_identification:_identify(src) by extension 'ignore_ament_install'
[1.104s] Level 1:colcon.colcon_core.package_identification:_identify(src) by extensions ['colcon_pkg']
[1.104s] Level 1:colcon.colcon_core.package_identification:_identify(src) by extension 'colcon_pkg'
[1.104s] Level 1:colcon.colcon_core.package_identification:_identify(src) by extensions ['colcon_meta']
[1.104s] Level 1:colcon.colcon_core.package_identification:_identify(src) by extension 'colcon_meta'
[1.104s] Level 1:colcon.colcon_core.package_identification:_identify(src) by extensions ['ros']
[1.104s] Level 1:colcon.colcon_core.package_identification:_identify(src) by extension 'ros'
[1.104s] Level 1:colcon.colcon_core.package_identification:_identify(src) by extensions ['cmake', 'python']
[1.104s] Level 1:colcon.colcon_core.package_identification:_identify(src) by extension 'cmake'
[1.104s] Level 1:colcon.colcon_core.package_identification:_identify(src) by extension 'python'
[1.105s] Level 1:colcon.colcon_core.package_identification:_identify(src) by extensions ['python_setup_py']
[1.105s] Level 1:colcon.colcon_core.package_identification:_identify(src) by extension 'python_setup_py'
[1.105s] Level 1:colcon.colcon_core.package_identification:_identify(src/my_package) by extensions ['ignore', 'ignore_ament_install']
[1.105s] Level 1:colcon.colcon_core.package_identification:_identify(src/my_package) by extension 'ignore'
[1.105s] Level 1:colcon.colcon_core.package_identification:_identify(src/my_package) by extension 'ignore_ament_install'
[1.105s] Level 1:colcon.colcon_core.package_identification:_identify(src/my_package) by extensions ['colcon_pkg']
[1.106s] Level 1:colcon.colcon_core.package_identification:_identify(src/my_package) by extension 'colcon_pkg'
[1.106s] Level 1:colcon.colcon_core.package_identification:_identify(src/my_package) by extensions ['colcon_meta']
[1.106s] Level 1:colcon.colcon_core.package_identification:_identify(src/my_package) by extension 'colcon_meta'
[1.106s] Level 1:colcon.colcon_core.package_identification:_identify(src/my_package) by extensions ['ros']
[1.106s] Level 1:colcon.colcon_core.package_identification:_identify(src/my_package) by extension 'ros'
[1.116s] DEBUG:colcon.colcon_core.package_identification:Package 'src/my_package' with type 'ros.ament_cmake' and name 'my_package'
[1.116s] Level 1:colcon.colcon_core.package_discovery:discover_packages(recursive) using defaults
[1.117s] Level 1:colcon.colcon_core.package_discovery:discover_packages(ignore) discover
[1.117s] Level 1:colcon.colcon_core.package_discovery:discover_packages(ignore) using defaults
[1.117s] Level 1:colcon.colcon_core.package_discovery:discover_packages(path) discover
[1.117s] Level 1:colcon.colcon_core.package_discovery:discover_packages(path) using defaults
[1.188s] Level 1:colcon.colcon_core.package_discovery:discover_packages(prefix_path) check parameters
[1.189s] Level 1:colcon.colcon_core.package_discovery:discover_packages(prefix_path) discover
[1.195s] DEBUG:colcon.colcon_installed_package_information.package_discovery:Found 277 installed packages in /opt/ros/humble
[1.198s] Level 1:colcon.colcon_core.package_discovery:discover_packages(prefix_path) using defaults
[1.331s] Level 5:colcon.colcon_core.verb:set package 'my_package' build argument 'cmake_args' from command line to 'None'
[1.331s] Level 5:colcon.colcon_core.verb:set package 'my_package' build argument 'cmake_target' from command line to 'None'
[1.331s] Level 5:colcon.colcon_core.verb:set package 'my_package' build argument 'cmake_target_skip_unavailable' from command line to 'False'
[1.331s] Level 5:colcon.colcon_core.verb:set package 'my_package' build argument 'cmake_clean_cache' from command line to 'False'
[1.331s] Level 5:colcon.colcon_core.verb:set package 'my_package' build argument 'cmake_clean_first' from command line to 'False'
[1.331s] Level 5:colcon.colcon_core.verb:set package 'my_package' build argument 'cmake_force_configure' from command line to 'False'
[1.331s] Level 5:colcon.colcon_core.verb:set package 'my_package' build argument 'ament_cmake_args' from command line to 'None'
[1.331s] Level 5:colcon.colcon_core.verb:set package 'my_package' build argument 'catkin_cmake_args' from command line to 'None'
[1.331s] Level 5:colcon.colcon_core.verb:set package 'my_package' build argument 'catkin_skip_building_tests' from command line to 'False'
[1.332s] DEBUG:colcon.colcon_core.verb:Building package 'my_package' with the following arguments: {'ament_cmake_args': None, 'build_base': '/home/robousr/ROS2Dev/ros2_ws/build/my_package', 'catkin_cmake_args': None, 'catkin_skip_building_tests': False, 'cmake_args': None, 'cmake_clean_cache': False, 'cmake_clean_first': False, 'cmake_force_configure': False, 'cmake_target': None, 'cmake_target_skip_unavailable': False, 'install_base': '/home/robousr/ROS2Dev/ros2_ws/install/my_package', 'merge_install': False, 'path': '/home/robousr/ROS2Dev/ros2_ws/src/my_package', 'symlink_install': False, 'test_result_base': None}
[1.332s] INFO:colcon.colcon_core.executor:Executing jobs using 'parallel' executor
[1.334s] DEBUG:colcon.colcon_parallel_executor.executor.parallel:run_until_complete
[1.334s] INFO:colcon.colcon_ros.task.ament_cmake.build:Building ROS package in '/home/robousr/ROS2Dev/ros2_ws/src/my_package' with build type 'ament_cmake'
[1.334s] INFO:colcon.colcon_cmake.task.cmake.build:Building CMake package in '/home/robousr/ROS2Dev/ros2_ws/src/my_package'
[1.338s] INFO:colcon.colcon_core.plugin_system:Skipping extension 'colcon_core.shell.bat': Not used on non-Windows systems
[1.339s] INFO:colcon.colcon_core.shell:Skip shell extension 'powershell' for command environment: Not usable outside of PowerShell
[1.339s] DEBUG:colcon.colcon_core.shell:Skip shell extension 'dsv' for command environment
[1.375s] DEBUG:colcon.colcon_core.event_handler.log_command:Invoking command in '/home/robousr/ROS2Dev/ros2_ws/build/my_package': CMAKE_PREFIX_PATH=/opt/ros/humble /usr/bin/cmake /home/robousr/ROS2Dev/ros2_ws/src/my_package -DCMAKE_INSTALL_PREFIX=/home/robousr/ROS2Dev/ros2_ws/install/my_package
[6.245s] DEBUG:colcon.colcon_core.event_handler.log_command:Invoked command in '/home/robousr/ROS2Dev/ros2_ws/build/my_package' returned '0': CMAKE_PREFIX_PATH=/opt/ros/humble /usr/bin/cmake /home/robousr/ROS2Dev/ros2_ws/src/my_package -DCMAKE_INSTALL_PREFIX=/home/robousr/ROS2Dev/ros2_ws/install/my_package
[6.250s] DEBUG:colcon.colcon_core.event_handler.log_command:Invoking command in '/home/robousr/ROS2Dev/ros2_ws/build/my_package': CMAKE_PREFIX_PATH=/opt/ros/humble /usr/bin/cmake --build /home/robousr/ROS2Dev/ros2_ws/build/my_package -- -j2 -l2
[6.420s] DEBUG:colcon.colcon_core.event_handler.log_command:Invoked command in '/home/robousr/ROS2Dev/ros2_ws/build/my_package' returned '0': CMAKE_PREFIX_PATH=/opt/ros/humble /usr/bin/cmake --build /home/robousr/ROS2Dev/ros2_ws/build/my_package -- -j2 -l2
[6.579s] DEBUG:colcon.colcon_core.event_handler.log_command:Invoking command in '/home/robousr/ROS2Dev/ros2_ws/build/my_package': CMAKE_PREFIX_PATH=/opt/ros/humble /usr/bin/cmake --install /home/robousr/ROS2Dev/ros2_ws/build/my_package
[6.626s] Level 1:colcon.colcon_core.environment:create_environment_scripts_only(my_package)
[6.629s] DEBUG:colcon.colcon_core.event_handler.log_command:Invoked command in '/home/robousr/ROS2Dev/ros2_ws/build/my_package' returned '0': CMAKE_PREFIX_PATH=/opt/ros/humble /usr/bin/cmake --install /home/robousr/ROS2Dev/ros2_ws/build/my_package
[6.660s] Level 1:colcon.colcon_core.environment:checking '/home/robousr/ROS2Dev/ros2_ws/install/my_package' for CMake module files
[6.662s] Level 1:colcon.colcon_core.environment:checking '/home/robousr/ROS2Dev/ros2_ws/install/my_package' for CMake config files
[6.663s] Level 1:colcon.colcon_core.shell:create_environment_hook('my_package', 'cmake_prefix_path')
[6.664s] INFO:colcon.colcon_core.shell:Creating environment hook '/home/robousr/ROS2Dev/ros2_ws/install/my_package/share/my_package/hook/cmake_prefix_path.ps1'
[6.678s] INFO:colcon.colcon_core.shell:Creating environment descriptor '/home/robousr/ROS2Dev/ros2_ws/install/my_package/share/my_package/hook/cmake_prefix_path.dsv'
[6.681s] INFO:colcon.colcon_core.shell:Creating environment hook '/home/robousr/ROS2Dev/ros2_ws/install/my_package/share/my_package/hook/cmake_prefix_path.sh'
[6.688s] Level 1:colcon.colcon_core.environment:checking '/home/robousr/ROS2Dev/ros2_ws/install/my_package/bin'
[6.688s] Level 1:colcon.colcon_core.environment:checking '/home/robousr/ROS2Dev/ros2_ws/install/my_package/lib/pkgconfig/my_package.pc'
[6.689s] Level 1:colcon.colcon_core.environment:checking '/home/robousr/ROS2Dev/ros2_ws/install/my_package/lib/python3.10/site-packages'
[6.690s] Level 1:colcon.colcon_core.environment:checking '/home/robousr/ROS2Dev/ros2_ws/install/my_package/bin'
[6.691s] INFO:colcon.colcon_core.shell:Creating package script '/home/robousr/ROS2Dev/ros2_ws/install/my_package/share/my_package/package.ps1'
[6.699s] INFO:colcon.colcon_core.shell:Creating package descriptor '/home/robousr/ROS2Dev/ros2_ws/install/my_package/share/my_package/package.dsv'
[6.704s] INFO:colcon.colcon_core.shell:Creating package script '/home/robousr/ROS2Dev/ros2_ws/install/my_package/share/my_package/package.sh'
[6.708s] INFO:colcon.colcon_core.shell:Creating package script '/home/robousr/ROS2Dev/ros2_ws/install/my_package/share/my_package/package.bash'
[6.711s] INFO:colcon.colcon_core.shell:Creating package script '/home/robousr/ROS2Dev/ros2_ws/install/my_package/share/my_package/package.zsh'
[6.715s] Level 1:colcon.colcon_core.environment:create_file_with_runtime_dependencies(/home/robousr/ROS2Dev/ros2_ws/install/my_package/share/colcon-core/packages/my_package)
[6.801s] Level 1:colcon.colcon_core.environment:create_environment_scripts_only(my_package)
[6.803s] Level 1:colcon.colcon_core.environment:checking '/home/robousr/ROS2Dev/ros2_ws/install/my_package' for CMake module files
[6.805s] Level 1:colcon.colcon_core.environment:checking '/home/robousr/ROS2Dev/ros2_ws/install/my_package' for CMake config files
[6.806s] Level 1:colcon.colcon_core.shell:create_environment_hook('my_package', 'cmake_prefix_path')
[6.807s] INFO:colcon.colcon_core.shell:Creating environment hook '/home/robousr/ROS2Dev/ros2_ws/install/my_package/share/my_package/hook/cmake_prefix_path.ps1'
[6.809s] INFO:colcon.colcon_core.shell:Creating environment descriptor '/home/robousr/ROS2Dev/ros2_ws/install/my_package/share/my_package/hook/cmake_prefix_path.dsv'
[6.811s] INFO:colcon.colcon_core.shell:Creating environment hook '/home/robousr/ROS2Dev/ros2_ws/install/my_package/share/my_package/hook/cmake_prefix_path.sh'
[6.813s] Level 1:colcon.colcon_core.environment:checking '/home/robousr/ROS2Dev/ros2_ws/install/my_package/bin'
[6.813s] Level 1:colcon.colcon_core.environment:checking '/home/robousr/ROS2Dev/ros2_ws/install/my_package/lib/pkgconfig/my_package.pc'
[6.814s] Level 1:colcon.colcon_core.environment:checking '/home/robousr/ROS2Dev/ros2_ws/install/my_package/lib/python3.10/site-packages'
[6.815s] Level 1:colcon.colcon_core.environment:checking '/home/robousr/ROS2Dev/ros2_ws/install/my_package/bin'
[6.817s] INFO:colcon.colcon_core.shell:Creating package script '/home/robousr/ROS2Dev/ros2_ws/install/my_package/share/my_package/package.ps1'
[6.819s] INFO:colcon.colcon_core.shell:Creating package descriptor '/home/robousr/ROS2Dev/ros2_ws/install/my_package/share/my_package/package.dsv'
[6.822s] INFO:colcon.colcon_core.shell:Creating package script '/home/robousr/ROS2Dev/ros2_ws/install/my_package/share/my_package/package.sh'
[6.824s] INFO:colcon.colcon_core.shell:Creating package script '/home/robousr/ROS2Dev/ros2_ws/install/my_package/share/my_package/package.bash'
[6.825s] INFO:colcon.colcon_core.shell:Creating package script '/home/robousr/ROS2Dev/ros2_ws/install/my_package/share/my_package/package.zsh'
[6.827s] Level 1:colcon.colcon_core.environment:create_file_with_runtime_dependencies(/home/robousr/ROS2Dev/ros2_ws/install/my_package/share/colcon-core/packages/my_package)
[6.828s] DEBUG:colcon.colcon_parallel_executor.executor.parallel:closing loop
[6.830s] DEBUG:colcon.colcon_parallel_executor.executor.parallel:loop closed
[6.830s] DEBUG:colcon.colcon_parallel_executor.executor.parallel:run_until_complete finished with '0'
[6.830s] DEBUG:colcon.colcon_core.event_reactor:joining thread
[6.849s] INFO:colcon.colcon_core.plugin_system:Skipping extension 'colcon_notification.desktop_notification.terminal_notifier': Not used on non-Darwin systems
[6.849s] INFO:colcon.colcon_core.plugin_system:Skipping extension 'colcon_notification.desktop_notification.win32': Not used on non-Windows systems
[6.850s] INFO:colcon.colcon_notification.desktop_notification:Sending desktop notification using 'notify2'
[6.921s] DEBUG:colcon.colcon_core.event_reactor:joined thread
[6.922s] INFO:colcon.colcon_core.shell:Creating prefix script '/home/robousr/ROS2Dev/ros2_ws/install/local_setup.ps1'
[6.926s] INFO:colcon.colcon_core.shell:Creating prefix util module '/home/robousr/ROS2Dev/ros2_ws/install/_local_setup_util_ps1.py'
[6.936s] INFO:colcon.colcon_core.shell:Creating prefix chain script '/home/robousr/ROS2Dev/ros2_ws/install/setup.ps1'
[6.945s] INFO:colcon.colcon_core.shell:Creating prefix script '/home/robousr/ROS2Dev/ros2_ws/install/local_setup.sh'
[6.947s] INFO:colcon.colcon_core.shell:Creating prefix util module '/home/robousr/ROS2Dev/ros2_ws/install/_local_setup_util_sh.py'
[6.948s] INFO:colcon.colcon_core.shell:Creating prefix chain script '/home/robousr/ROS2Dev/ros2_ws/install/setup.sh'
[6.951s] INFO:colcon.colcon_core.shell:Creating prefix script '/home/robousr/ROS2Dev/ros2_ws/install/local_setup.bash'
[6.952s] INFO:colcon.colcon_core.shell:Creating prefix chain script '/home/robousr/ROS2Dev/ros2_ws/install/setup.bash'
[6.961s] INFO:colcon.colcon_core.shell:Creating prefix script '/home/robousr/ROS2Dev/ros2_ws/install/local_setup.zsh'
[6.963s] INFO:colcon.colcon_core.shell:Creating prefix chain script '/home/robousr/ROS2Dev/ros2_ws/install/setup.zsh'
